  CommCR2Builder.cpp
c:\users\acoustikue\documents\git\eee4610\cr2-rebake\cr2-rebake\cr2-rebake\cr2-accel\commcr2builder.h(6): fatal error C1083: 포함 파일을 열 수 없습니다. '../util/Edge.h': No such file or directory
  PartialGraph.cpp
c:\users\acoustikue\documents\git\eee4610\cr2-rebake\cr2-rebake\cr2-rebake\cr2-accel\partialgraph.cpp(7): fatal error C1083: 포함 파일을 열 수 없습니다. '../util/platform_atomics.h': No such file or directory
  CR2Graph.cpp
c:\users\acoustikue\documents\git\eee4610\cr2-rebake\cr2-rebake\cr2-rebake\cr2-rebake\cr2type.h(19): error C2011: 'cr2::DEGREE': 'enum' 형식 재정의
  c:\users\acoustikue\documents\git\eee4610\cr2-rebake\cr2-rebake\cr2-rebake\cr2-rebake\cr2type.h(19): note: 'cr2::DEGREE' 선언을 참조하십시오.
c:\users\acoustikue\documents\git\eee4610\cr2-rebake\cr2-rebake\cr2-rebake\cr2-rebake\cr2type.h(23): error C2011: 'cr2::DIR': 'enum' 형식 재정의
  c:\users\acoustikue\documents\git\eee4610\cr2-rebake\cr2-rebake\cr2-rebake\cr2-rebake\cr2type.h(23): note: 'cr2::DIR' 선언을 참조하십시오.
c:\users\acoustikue\documents\git\eee4610\cr2-rebake\cr2-rebake\cr2-rebake\cr2-rebake\cr2type.h(25): error C2011: 'cr2::Edge': 'class' 형식 재정의
  c:\users\acoustikue\documents\git\eee4610\cr2-rebake\cr2-rebake\cr2-rebake\cr2-rebake\cr2type.h(25): note: 'cr2::Edge' 선언을 참조하십시오.
c:\users\acoustikue\documents\git\eee4610\cr2-rebake\cr2-rebake\cr2-rebake\cr2-rebake\cr2type.h(39): error C2084: 'cr2::DENSE_TYPE cr2::cluster_id(cr2::SPARSE_TYPE)' 함수에 이미 본문이 있습니다.
  c:\users\acoustikue\documents\git\eee4610\cr2-rebake\cr2-rebake\cr2-rebake\cr2-rebake\cr2type.h(39): note: 'cluster_id'의 이전 정의를 참조하십시오.
c:\users\acoustikue\documents\git\eee4610\cr2-rebake\cr2-rebake\cr2-rebake\cr2-rebake\cr2type.h(40): error C2084: 'cr2::SPARSE_TYPE cr2::global_id(cr2::DENSE_TYPE,cr2::SPARSE_TYPE)' 함수에 이미 본문이 있습니다.
  c:\users\acoustikue\documents\git\eee4610\cr2-rebake\cr2-rebake\cr2-rebake\cr2-rebake\cr2type.h(40): note: 'global_id'의 이전 정의를 참조하십시오.
c:\users\acoustikue\documents\git\eee4610\cr2-rebake\cr2-rebake\cr2-rebake\cr2-rebake\cr2type.h(45): error C2011: 'cr2::LOC': 'enum' 형식 재정의
  c:\users\acoustikue\documents\git\eee4610\cr2-rebake\cr2-rebake\cr2-rebake\cr2-rebake\cr2type.h(45): note: 'cr2::LOC' 선언을 참조하십시오.
c:\users\acoustikue\documents\git\eee4610\cr2-rebake\cr2-rebake\cr2-rebake\cr2-rebake\cr2degreesubgraph.h(55): error C2039: 'CR2Cluster': 'cr2'의 멤버가 아닙니다.
  c:\users\acoustikue\documents\git\eee4610\cr2-rebake\cr2-rebake\cr2-rebake\cr2-rebake\cr2degreesubgraph.h(22): note: 'cr2' 선언을 참조하십시오.
  c:\users\acoustikue\documents\git\eee4610\cr2-rebake\cr2-rebake\cr2-rebake\cr2-rebake\cr2degreesubgraph.h(68): note: 컴파일 중인 클래스 템플릿 인스턴스화 'cr2::CR2DegreeSubgraph<T>'에 대한 참조를 확인하세요.
c:\users\acoustikue\documents\git\eee4610\cr2-rebake\cr2-rebake\cr2-rebake\cr2-rebake\cr2degreesubgraph.h(55): error C2143: 구문 오류: ';'이(가) '<' 앞에 없습니다.
c:\users\acoustikue\documents\git\eee4610\cr2-rebake\cr2-rebake\cr2-rebake\cr2-rebake\cr2degreesubgraph.h(55): error C2433: 'cr2::CR2Cluster': 데이터 선언에 'friend'을(를) 사용할 수 없습니다.
c:\users\acoustikue\documents\git\eee4610\cr2-rebake\cr2-rebake\cr2-rebake\cr2-rebake\cr2degreesubgraph.h(55): error C2039: 'doRegisterDegreeSubgraphs': '`global namespace''의 멤버가 아닙니다.
c:\users\acoustikue\documents\git\eee4610\cr2-rebake\cr2-rebake\cr2-rebake\cr2-rebake\cr2degreesubgraph.h(55): error C2238: ';' 앞에 예기치 않은 토큰이 있습니다.
c:\users\acoustikue\documents\git\eee4610\cr2-rebake\cr2-rebake\cr2-rebake\cr2-rebake\cr2degreesubgraph.h(62): error C3861: 'degree': 식별자를 찾을 수 없습니다.
c:\users\acoustikue\documents\git\eee4610\cr2-rebake\cr2-rebake\cr2-rebake\cr2-rebake\cr2degreesubgraph.h(65): error C3861: 'degree': 식별자를 찾을 수 없습니다.
c:\users\acoustikue\documents\git\eee4610\cr2-rebake\cr2-rebake\cr2-rebake\cr2-rebake\cr2cluster.h(103): error C2988: 템플릿 선언/정의를 인식할 수 없습니다.
c:\users\acoustikue\documents\git\eee4610\cr2-rebake\cr2-rebake\cr2-rebake\cr2-rebake\cr2cluster.h(103): error C2143: 구문 오류: ';'이(가) '<' 앞에 없습니다.
c:\users\acoustikue\documents\git\eee4610\cr2-rebake\cr2-rebake\cr2-rebake\cr2-rebake\cr2cluster.h(103): error C2059: 구문 오류: '<'
c:\users\acoustikue\documents\git\eee4610\cr2-rebake\cr2-rebake\cr2-rebake\cr2-rebake\cr2cluster.h(103): error C2039: 'CR2Cluster': '`global namespace''의 멤버가 아닙니다.
c:\users\acoustikue\documents\git\eee4610\cr2-rebake\cr2-rebake\cr2-rebake\cr2-rebake\cr2cluster.h(104): error C2065: 'argId': 선언되지 않은 식별자입니다.
c:\users\acoustikue\documents\git\eee4610\cr2-rebake\cr2-rebake\cr2-rebake\cr2-rebake\cr2cluster.h(104): error C4430: 형식 지정자가 없습니다. int로 가정합니다. 참고: C++에서는 기본 int를 지원하지 않습니다.
c:\users\acoustikue\documents\git\eee4610\cr2-rebake\cr2-rebake\cr2-rebake\cr2-rebake\cr2cluster.h(105): error C4430: 형식 지정자가 없습니다. int로 가정합니다. 참고: C++에서는 기본 int를 지원하지 않습니다.
c:\users\acoustikue\documents\git\eee4610\cr2-rebake\cr2-rebake\cr2-rebake\cr2-rebake\cr2cluster.h(105): error C2448: 'num_edges': 함수 스타일 이니셜라이저가 함수 정의처럼 나타납니다.
c:\users\acoustikue\documents\git\eee4610\cr2-rebake\cr2-rebake\cr2-rebake\cr2-rebake\cr2cluster.h(134): error C2988: 템플릿 선언/정의를 인식할 수 없습니다.
c:\users\acoustikue\documents\git\eee4610\cr2-rebake\cr2-rebake\cr2-rebake\cr2-rebake\cr2cluster.h(134): error C2143: 구문 오류: ';'이(가) '<' 앞에 없습니다.
c:\users\acoustikue\documents\git\eee4610\cr2-rebake\cr2-rebake\cr2-rebake\cr2-rebake\cr2cluster.h(134): error C2059: 구문 오류: '<'
c:\users\acoustikue\documents\git\eee4610\cr2-rebake\cr2-rebake\cr2-rebake\cr2-rebake\cr2cluster.h(134): error C2523: '::~CR2Cluster': 소멸자 태그가 일치하지 않습니다.
c:\users\acoustikue\documents\git\eee4610\cr2-rebake\cr2-rebake\cr2-rebake\cr2-rebake\cr2cluster.h(134): error C2039: 'CR2Cluster': '`global namespace''의 멤버가 아닙니다.
c:\users\acoustikue\documents\git\eee4610\cr2-rebake\cr2-rebake\cr2-rebake\cr2-rebake\cr2cluster.h(134): error C2143: 구문 오류: ';'이(가) '{' 앞에 없습니다.
c:\users\acoustikue\documents\git\eee4610\cr2-rebake\cr2-rebake\cr2-rebake\cr2-rebake\cr2cluster.h(134): error C2447: '{': 함수 헤더가 없습니다. 이전 스타일의 형식 목록입니까?
c:\users\acoustikue\documents\git\eee4610\cr2-rebake\cr2-rebake\cr2-rebake\cr2-rebake\cr2cluster.h(151): error C2988: 템플릿 선언/정의를 인식할 수 없습니다.
c:\users\acoustikue\documents\git\eee4610\cr2-rebake\cr2-rebake\cr2-rebake\cr2-rebake\cr2cluster.h(151): error C2143: 구문 오류: ';'이(가) '<' 앞에 없습니다.
c:\users\acoustikue\documents\git\eee4610\cr2-rebake\cr2-rebake\cr2-rebake\cr2-rebake\cr2cluster.h(151): error C2086: 'unsigned int cr2::CR2Cluster': 재정의
  c:\users\acoustikue\documents\git\eee4610\cr2-rebake\cr2-rebake\cr2-rebake\cr2-rebake\cr2degreesubgraph.h(55): note: 'cr2::CR2Cluster' 선언을 참조하십시오.
c:\users\acoustikue\documents\git\eee4610\cr2-rebake\cr2-rebake\cr2-rebake\cr2-rebake\cr2cluster.h(151): error C2059: 구문 오류: '<'
c:\users\acoustikue\documents\git\eee4610\cr2-rebake\cr2-rebake\cr2-rebake\cr2-rebake\cr2cluster.h(151): error C2039: 'doReleaseLv2': '`global namespace''의 멤버가 아닙니다.
c:\users\acoustikue\documents\git\eee4610\cr2-rebake\cr2-rebake\cr2-rebake\cr2-rebake\cr2cluster.h(151): error C2143: 구문 오류: ';'이(가) '{' 앞에 없습니다.
c:\users\acoustikue\documents\git\eee4610\cr2-rebake\cr2-rebake\cr2-rebake\cr2-rebake\cr2cluster.h(151): error C2447: '{': 함수 헤더가 없습니다. 이전 스타일의 형식 목록입니까?
c:\users\acoustikue\documents\git\eee4610\cr2-rebake\cr2-rebake\cr2-rebake\cr2-rebake\cr2cluster.h(181): error C2988: 템플릿 선언/정의를 인식할 수 없습니다.
c:\users\acoustikue\documents\git\eee4610\cr2-rebake\cr2-rebake\cr2-rebake\cr2-rebake\cr2cluster.h(181): error C2143: 구문 오류: ';'이(가) '<' 앞에 없습니다.
c:\users\acoustikue\documents\git\eee4610\cr2-rebake\cr2-rebake\cr2-rebake\cr2-rebake\cr2cluster.h(181): error C2086: 'unsigned int cr2::CR2Cluster': 재정의
  c:\users\acoustikue\documents\git\eee4610\cr2-rebake\cr2-rebake\cr2-rebake\cr2-rebake\cr2degreesubgraph.h(55): note: 'cr2::CR2Cluster' 선언을 참조하십시오.
c:\users\acoustikue\documents\git\eee4610\cr2-rebake\cr2-rebake\cr2-rebake\cr2-rebake\cr2cluster.h(181): error C2059: 구문 오류: '<'
c:\users\acoustikue\documents\git\eee4610\cr2-rebake\cr2-rebake\cr2-rebake\cr2-rebake\cr2cluster.h(181): error C2039: 'doRecordSingleDegree': '`global namespace''의 멤버가 아닙니다.
c:\users\acoustikue\documents\git\eee4610\cr2-rebake\cr2-rebake\cr2-rebake\cr2-rebake\cr2cluster.h(181): error C2143: 구문 오류: ';'이(가) '{' 앞에 없습니다.
c:\users\acoustikue\documents\git\eee4610\cr2-rebake\cr2-rebake\cr2-rebake\cr2-rebake\cr2cluster.h(181): error C2447: '{': 함수 헤더가 없습니다. 이전 스타일의 형식 목록입니까?
c:\users\acoustikue\documents\git\eee4610\cr2-rebake\cr2-rebake\cr2-rebake\cr2-rebake\cr2cluster.h(190): error C2988: 템플릿 선언/정의를 인식할 수 없습니다.
c:\users\acoustikue\documents\git\eee4610\cr2-rebake\cr2-rebake\cr2-rebake\cr2-rebake\cr2cluster.h(190): error C2143: 구문 오류: ';'이(가) '<' 앞에 없습니다.
c:\users\acoustikue\documents\git\eee4610\cr2-rebake\cr2-rebake\cr2-rebake\cr2-rebake\cr2cluster.h(190): error C2086: 'unsigned int cr2::CR2Cluster': 재정의
  c:\users\acoustikue\documents\git\eee4610\cr2-rebake\cr2-rebake\cr2-rebake\cr2-rebake\cr2degreesubgraph.h(55): note: 'cr2::CR2Cluster' 선언을 참조하십시오.
c:\users\acoustikue\documents\git\eee4610\cr2-rebake\cr2-rebake\cr2-rebake\cr2-rebake\cr2cluster.h(190): error C2059: 구문 오류: '<'
c:\users\acoustikue\documents\git\eee4610\cr2-rebake\cr2-rebake\cr2-rebake\cr2-rebake\cr2cluster.h(190): error C2039: 'doRecordSingleNeighbor': '`global namespace''의 멤버가 아닙니다.
c:\users\acoustikue\documents\git\eee4610\cr2-rebake\cr2-rebake\cr2-rebake\cr2-rebake\cr2cluster.h(190): error C2143: 구문 오류: ';'이(가) '{' 앞에 없습니다.
c:\users\acoustikue\documents\git\eee4610\cr2-rebake\cr2-rebake\cr2-rebake\cr2-rebake\cr2cluster.h(190): error C2447: '{': 함수 헤더가 없습니다. 이전 스타일의 형식 목록입니까?
c:\users\acoustikue\documents\git\eee4610\cr2-rebake\cr2-rebake\cr2-rebake\cr2-rebake\cr2cluster.h(221): error C2988: 템플릿 선언/정의를 인식할 수 없습니다.
c:\users\acoustikue\documents\git\eee4610\cr2-rebake\cr2-rebake\cr2-rebake\cr2-rebake\cr2cluster.h(221): error C2143: 구문 오류: ';'이(가) '<' 앞에 없습니다.
c:\users\acoustikue\documents\git\eee4610\cr2-rebake\cr2-rebake\cr2-rebake\cr2-rebake\cr2cluster.h(221): error C2086: 'unsigned int cr2::CR2Cluster': 재정의
  c:\users\acoustikue\documents\git\eee4610\cr2-rebake\cr2-rebake\cr2-rebake\cr2-rebake\cr2degreesubgraph.h(55): note: 'cr2::CR2Cluster' 선언을 참조하십시오.
c:\users\acoustikue\documents\git\eee4610\cr2-rebake\cr2-rebake\cr2-rebake\cr2-rebake\cr2cluster.h(221): error C2059: 구문 오류: '<'
c:\users\acoustikue\documents\git\eee4610\cr2-rebake\cr2-rebake\cr2-rebake\cr2-rebake\cr2cluster.h(221): error C2039: 'doBuildDegreeSubgraph': '`global namespace''의 멤버가 아닙니다.
c:\users\acoustikue\documents\git\eee4610\cr2-rebake\cr2-rebake\cr2-rebake\cr2-rebake\cr2cluster.h(221): error C2143: 구문 오류: ';'이(가) '{' 앞에 없습니다.
c:\users\acoustikue\documents\git\eee4610\cr2-rebake\cr2-rebake\cr2-rebake\cr2-rebake\cr2cluster.h(221): error C2447: '{': 함수 헤더가 없습니다. 이전 스타일의 형식 목록입니까?
c:\users\acoustikue\documents\git\eee4610\cr2-rebake\cr2-rebake\cr2-rebake\cr2-rebake\cr2cluster.h(315): error C2988: 템플릿 선언/정의를 인식할 수 없습니다.
c:\users\acoustikue\documents\git\eee4610\cr2-rebake\cr2-rebake\cr2-rebake\cr2-rebake\cr2cluster.h(315): error C2143: 구문 오류: ';'이(가) '<' 앞에 없습니다.
c:\users\acoustikue\documents\git\eee4610\cr2-rebake\cr2-rebake\cr2-rebake\cr2-rebake\cr2cluster.h(315): error C2086: 'unsigned int cr2::CR2Cluster': 재정의
  c:\users\acoustikue\documents\git\eee4610\cr2-rebake\cr2-rebake\cr2-rebake\cr2-rebake\cr2degreesubgraph.h(55): note: 'cr2::CR2Cluster' 선언을 참조하십시오.
c:\users\acoustikue\documents\git\eee4610\cr2-rebake\cr2-rebake\cr2-rebake\cr2-rebake\cr2cluster.h(315): error C2059: 구문 오류: '<'
c:\users\acoustikue\documents\git\eee4610\cr2-rebake\cr2-rebake\cr2-rebake\cr2-rebake\cr2cluster.h(315): error C2039: 'doBuildVertexList': '`global namespace''의 멤버가 아닙니다.
c:\users\acoustikue\documents\git\eee4610\cr2-rebake\cr2-rebake\cr2-rebake\cr2-rebake\cr2cluster.h(315): error C2143: 구문 오류: ';'이(가) '{' 앞에 없습니다.
c:\users\acoustikue\documents\git\eee4610\cr2-rebake\cr2-rebake\cr2-rebake\cr2-rebake\cr2cluster.h(315): error C2447: '{': 함수 헤더가 없습니다. 이전 스타일의 형식 목록입니까?
c:\users\acoustikue\documents\git\eee4610\cr2-rebake\cr2-rebake\cr2-rebake\cr2-rebake\cr2cluster.h(373): error C2988: 템플릿 선언/정의를 인식할 수 없습니다.
c:\users\acoustikue\documents\git\eee4610\cr2-rebake\cr2-rebake\cr2-rebake\cr2-rebake\cr2cluster.h(373): error C2143: 구문 오류: ';'이(가) '<' 앞에 없습니다.
c:\users\acoustikue\documents\git\eee4610\cr2-rebake\cr2-rebake\cr2-rebake\cr2-rebake\cr2cluster.h(373): error C2182: 'CR2Cluster': 'void' 형식을 잘못 사용했습니다.
c:\users\acoustikue\documents\git\eee4610\cr2-rebake\cr2-rebake\cr2-rebake\cr2-rebake\cr2cluster.h(373): error C2371: 'cr2::CR2Cluster': 재정의. 기본 형식이 다릅니다.
  c:\users\acoustikue\documents\git\eee4610\cr2-rebake\cr2-rebake\cr2-rebake\cr2-rebake\cr2degreesubgraph.h(55): note: 'cr2::CR2Cluster' 선언을 참조하십시오.
c:\users\acoustikue\documents\git\eee4610\cr2-rebake\cr2-rebake\cr2-rebake\cr2-rebake\cr2cluster.h(373): error C2059: 구문 오류: '<'
c:\users\acoustikue\documents\git\eee4610\cr2-rebake\cr2-rebake\cr2-rebake\cr2-rebake\cr2cluster.h(373): error C2039: 'console_out_object_info': '`global namespace''의 멤버가 아닙니다.
c:\users\acoustikue\documents\git\eee4610\cr2-rebake\cr2-rebake\cr2-rebake\cr2-rebake\cr2cluster.h(373): error C2143: 구문 오류: ';'이(가) '{' 앞에 없습니다.
c:\users\acoustikue\documents\git\eee4610\cr2-rebake\cr2-rebake\cr2-rebake\cr2-rebake\cr2cluster.h(373): error C2447: '{': 함수 헤더가 없습니다. 이전 스타일의 형식 목록입니까?
c:\users\acoustikue\documents\git\eee4610\cr2-rebake\cr2-rebake\cr2-rebake\cr2-rebake\cr2graph.h(33): error C2275: 'cr2::DENSE_TYPE': 이 형식을 식으로 잘못 사용했습니다.
  c:\users\acoustikue\documents\git\eee4610\cr2-rebake\cr2-rebake\cr2-rebake\cr2-rebake\cr2graph.h(33): note: 'cr2::DENSE_TYPE' 선언을 참조하십시오.
c:\users\acoustikue\documents\git\eee4610\cr2-rebake\cr2-rebake\cr2-rebake\cr2-rebake\cr2graph.h(33): error C2974: 'std::vector': '_Ty'의 템플릿 인수가 잘못되었습니다. 형식이 필요합니다.
  c:\program files (x86)\microsoft visual studio\2017\professional\vc\tools\msvc\14.16.27023\include\vector(625): note: 'std::vector' 선언을 참조하십시오.
c:\users\acoustikue\documents\git\eee4610\cr2-rebake\cr2-rebake\cr2-rebake\cr2-rebake\cr2graph.h(33): error C2903: 'allocator': 기호가 클래스 템플릿 또는 함수 템플릿이(가) 아닙니다.
c:\users\acoustikue\documents\git\eee4610\cr2-rebake\cr2-rebake\cr2-rebake\cr2-rebake\cr2graph.h(33): error C3203: 'allocator': 특수화되지 않은 클래스 템플릿은(는) 템플릿 매개 변수 '_Alloc'에 대한 템플릿 인수로 사용할 수 없습니다. 실제 형식이 필요합니다.
c:\users\acoustikue\documents\git\eee4610\cr2-rebake\cr2-rebake\cr2-rebake\cr2-rebake\cr2graph.h(33): error C2059: 구문 오류: '>'
c:\users\acoustikue\documents\git\eee4610\cr2-rebake\cr2-rebake\cr2-rebake\cr2-rebake\cr2graph.h(33): error C2238: ';' 앞에 예기치 않은 토큰이 있습니다.
c:\users\acoustikue\documents\git\eee4610\cr2-rebake\cr2-rebake\cr2-rebake\cr2-rebake\cr2graph.h(34): error C2143: 구문 오류: ';'이(가) '<' 앞에 없습니다.
c:\users\acoustikue\documents\git\eee4610\cr2-rebake\cr2-rebake\cr2-rebake\cr2-rebake\cr2graph.h(34): error C2886: 'cr2::CR2Cluster': 멤버 using 선언에서 기호를 사용할 수 없습니다.
  c:\users\acoustikue\documents\git\eee4610\cr2-rebake\cr2-rebake\cr2-rebake\cr2-rebake\cr2degreesubgraph.h(55): note: 'cr2::CR2Cluster' 선언을 참조하십시오.
c:\users\acoustikue\documents\git\eee4610\cr2-rebake\cr2-rebake\cr2-rebake\cr2-rebake\cr2graph.h(34): error C2238: ';' 앞에 예기치 않은 토큰이 있습니다.
c:\users\acoustikue\documents\git\eee4610\cr2-rebake\cr2-rebake\cr2-rebake\cr2-rebake\cr2graph.h(64): error C2039: 'inter_cluster': 'cr2::CR2Graph'의 멤버가 아닙니다.
  c:\users\acoustikue\documents\git\eee4610\cr2-rebake\cr2-rebake\cr2-rebake\cr2-rebake\cr2graph.h(23): note: 'cr2::CR2Graph' 선언을 참조하십시오.
c:\users\acoustikue\documents\git\eee4610\cr2-rebake\cr2-rebake\cr2-rebake\cr2-rebake\cr2graph.cpp(31): error C2065: 'intra_cluster': 선언되지 않은 식별자입니다.
c:\users\acoustikue\documents\git\eee4610\cr2-rebake\cr2-rebake\cr2-rebake\cr2-rebake\cr2graph.cpp(36): error C2065: 'intra_cluster': 선언되지 않은 식별자입니다.
c:\users\acoustikue\documents\git\eee4610\cr2-rebake\cr2-rebake\cr2-rebake\cr2-rebake\cr2graph.cpp(37): error C2061: 구문 오류: 식별자 'CR2Cluster'
c:\users\acoustikue\documents\git\eee4610\cr2-rebake\cr2-rebake\cr2-rebake\cr2-rebake\cr2graph.cpp(43): error C2065: 'inter_cluster': 선언되지 않은 식별자입니다.
c:\users\acoustikue\documents\git\eee4610\cr2-rebake\cr2-rebake\cr2-rebake\cr2-rebake\cr2graph.cpp(43): error C2061: 구문 오류: 식별자 'CR2Cluster'
c:\users\acoustikue\documents\git\eee4610\cr2-rebake\cr2-rebake\cr2-rebake\cr2-rebake\cr2graph.cpp(57): error C2027: 정의되지 않은 형식 'cr2::Edge'을(를) 사용했습니다.
  c:\users\acoustikue\documents\git\eee4610\cr2-rebake\cr2-rebake\cr2-rebake\cr2-rebake\cr2type.h(25): note: 'cr2::Edge' 선언을 참조하십시오.
c:\users\acoustikue\documents\git\eee4610\cr2-rebake\cr2-rebake\cr2-rebake\cr2-rebake\cr2graph.cpp(59): error C2027: 정의되지 않은 형식 'cr2::Edge'을(를) 사용했습니다.
  c:\users\acoustikue\documents\git\eee4610\cr2-rebake\cr2-rebake\cr2-rebake\cr2-rebake\cr2type.h(25): note: 'cr2::Edge' 선언을 참조하십시오.
c:\users\acoustikue\documents\git\eee4610\cr2-rebake\cr2-rebake\cr2-rebake\cr2-rebake\cr2graph.cpp(60): error C2027: 정의되지 않은 형식 'cr2::Edge'을(를) 사용했습니다.
  c:\users\acoustikue\documents\git\eee4610\cr2-rebake\cr2-rebake\cr2-rebake\cr2-rebake\cr2type.h(25): note: 'cr2::Edge' 선언을 참조하십시오.
c:\users\acoustikue\documents\git\eee4610\cr2-rebake\cr2-rebake\cr2-rebake\cr2-rebake\cr2graph.cpp(63): error C2039: 'intra_cluster': 'cr2::CR2Graph'의 멤버가 아닙니다.
  c:\users\acoustikue\documents\git\eee4610\cr2-rebake\cr2-rebake\cr2-rebake\cr2-rebake\cr2graph.h(23): note: 'cr2::CR2Graph' 선언을 참조하십시오.
c:\users\acoustikue\documents\git\eee4610\cr2-rebake\cr2-rebake\cr2-rebake\cr2-rebake\cr2graph.cpp(68): error C2039: 'inter_cluster': 'cr2::CR2Graph'의 멤버가 아닙니다.
  c:\users\acoustikue\documents\git\eee4610\cr2-rebake\cr2-rebake\cr2-rebake\cr2-rebake\cr2graph.h(23): note: 'cr2::CR2Graph' 선언을 참조하십시오.
c:\users\acoustikue\documents\git\eee4610\cr2-rebake\cr2-rebake\cr2-rebake\cr2-rebake\cr2graph.cpp(76): error C2065: 'inter_cluster': 선언되지 않은 식별자입니다.
c:\users\acoustikue\documents\git\eee4610\cr2-rebake\cr2-rebake\cr2-rebake\cr2-rebake\cr2graph.cpp(77): error C2065: 'inter_cluster': 선언되지 않은 식별자입니다.
c:\users\acoustikue\documents\git\eee4610\cr2-rebake\cr2-rebake\cr2-rebake\cr2-rebake\cr2graph.cpp(79): error C2039: 'intra_cluster': 'cr2::CR2Graph'의 멤버가 아닙니다.
  c:\users\acoustikue\documents\git\eee4610\cr2-rebake\cr2-rebake\cr2-rebake\cr2-rebake\cr2graph.h(23): note: 'cr2::CR2Graph' 선언을 참조하십시오.
c:\users\acoustikue\documents\git\eee4610\cr2-rebake\cr2-rebake\cr2-rebake\cr2-rebake\cr2graph.cpp(80): error C2065: 'ic': 선언되지 않은 식별자입니다.
c:\users\acoustikue\documents\git\eee4610\cr2-rebake\cr2-rebake\cr2-rebake\cr2-rebake\cr2graph.cpp(81): error C2065: 'ic': 선언되지 않은 식별자입니다.
c:\users\acoustikue\documents\git\eee4610\cr2-rebake\cr2-rebake\cr2-rebake\cr2-rebake\cr2graph.cpp(85): error C2027: 정의되지 않은 형식 'cr2::Edge'을(를) 사용했습니다.
  c:\users\acoustikue\documents\git\eee4610\cr2-rebake\cr2-rebake\cr2-rebake\cr2-rebake\cr2type.h(25): note: 'cr2::Edge' 선언을 참조하십시오.
c:\users\acoustikue\documents\git\eee4610\cr2-rebake\cr2-rebake\cr2-rebake\cr2-rebake\cr2graph.cpp(87): error C2027: 정의되지 않은 형식 'cr2::Edge'을(를) 사용했습니다.
  c:\users\acoustikue\documents\git\eee4610\cr2-rebake\cr2-rebake\cr2-rebake\cr2-rebake\cr2type.h(25): note: 'cr2::Edge' 선언을 참조하십시오.
c:\users\acoustikue\documents\git\eee4610\cr2-rebake\cr2-rebake\cr2-rebake\cr2-rebake\cr2graph.cpp(88): error C2027: 정의되지 않은 형식 'cr2::Edge'을(를) 사용했습니다.
  c:\users\acoustikue\documents\git\eee4610\cr2-rebake\cr2-rebake\cr2-rebake\cr2-rebake\cr2type.h(25): note: 'cr2::Edge' 선언을 참조하십시오.
c:\users\acoustikue\documents\git\eee4610\cr2-rebake\cr2-rebake\cr2-rebake\cr2-rebake\cr2graph.cpp(91): error C2039: 'intra_cluster': 'cr2::CR2Graph'의 멤버가 아닙니다.
  c:\users\acoustikue\documents\git\eee4610\cr2-rebake\cr2-rebake\cr2-rebake\cr2-rebake\cr2graph.h(23): note: 'cr2::CR2Graph' 선언을 참조하십시오.
c:\users\acoustikue\documents\git\eee4610\cr2-rebake\cr2-rebake\cr2-rebake\cr2-rebake\cr2graph.cpp(96): error C2039: 'inter_cluster': 'cr2::CR2Graph'의 멤버가 아닙니다.
  c:\users\acoustikue\documents\git\eee4610\cr2-rebake\cr2-rebake\cr2-rebake\cr2-rebake\cr2graph.h(23): note: 'cr2::CR2Graph' 선언을 참조하십시오.
c:\users\acoustikue\documents\git\eee4610\cr2-rebake\cr2-rebake\cr2-rebake\cr2-rebake\cr2graph.cpp(105): error C2065: 'inter_cluster': 선언되지 않은 식별자입니다.
c:\users\acoustikue\documents\git\eee4610\cr2-rebake\cr2-rebake\cr2-rebake\cr2-rebake\cr2graph.cpp(106): error C2039: 'intra_cluster': 'cr2::CR2Graph'의 멤버가 아닙니다.
  c:\users\acoustikue\documents\git\eee4610\cr2-rebake\cr2-rebake\cr2-rebake\cr2-rebake\cr2graph.h(23): note: 'cr2::CR2Graph' 선언을 참조하십시오.
c:\users\acoustikue\documents\git\eee4610\cr2-rebake\cr2-rebake\cr2-rebake\cr2-rebake\cr2graph.cpp(106): fatal error C1003: 오류 수가 100개를 초과했습니다. 컴파일을 중지합니다.
  CR2Manager.cpp
c:\users\acoustikue\documents\git\eee4610\cr2-rebake\cr2-rebake\cr2-rebake\cr2-rebake\cr2type.h(19): error C2011: 'cr2::DEGREE': 'enum' 형식 재정의
  c:\users\acoustikue\documents\git\eee4610\cr2-rebake\cr2-rebake\cr2-rebake\cr2-rebake\cr2type.h(19): note: 'cr2::DEGREE' 선언을 참조하십시오.
c:\users\acoustikue\documents\git\eee4610\cr2-rebake\cr2-rebake\cr2-rebake\cr2-rebake\cr2type.h(23): error C2011: 'cr2::DIR': 'enum' 형식 재정의
  c:\users\acoustikue\documents\git\eee4610\cr2-rebake\cr2-rebake\cr2-rebake\cr2-rebake\cr2type.h(23): note: 'cr2::DIR' 선언을 참조하십시오.
c:\users\acoustikue\documents\git\eee4610\cr2-rebake\cr2-rebake\cr2-rebake\cr2-rebake\cr2type.h(25): error C2011: 'cr2::Edge': 'class' 형식 재정의
  c:\users\acoustikue\documents\git\eee4610\cr2-rebake\cr2-rebake\cr2-rebake\cr2-rebake\cr2type.h(25): note: 'cr2::Edge' 선언을 참조하십시오.
c:\users\acoustikue\documents\git\eee4610\cr2-rebake\cr2-rebake\cr2-rebake\cr2-rebake\cr2type.h(39): error C2084: 'cr2::DENSE_TYPE cr2::cluster_id(cr2::SPARSE_TYPE)' 함수에 이미 본문이 있습니다.
  c:\users\acoustikue\documents\git\eee4610\cr2-rebake\cr2-rebake\cr2-rebake\cr2-rebake\cr2type.h(39): note: 'cluster_id'의 이전 정의를 참조하십시오.
c:\users\acoustikue\documents\git\eee4610\cr2-rebake\cr2-rebake\cr2-rebake\cr2-rebake\cr2type.h(40): error C2084: 'cr2::SPARSE_TYPE cr2::global_id(cr2::DENSE_TYPE,cr2::SPARSE_TYPE)' 함수에 이미 본문이 있습니다.
  c:\users\acoustikue\documents\git\eee4610\cr2-rebake\cr2-rebake\cr2-rebake\cr2-rebake\cr2type.h(40): note: 'global_id'의 이전 정의를 참조하십시오.
c:\users\acoustikue\documents\git\eee4610\cr2-rebake\cr2-rebake\cr2-rebake\cr2-rebake\cr2type.h(45): error C2011: 'cr2::LOC': 'enum' 형식 재정의
  c:\users\acoustikue\documents\git\eee4610\cr2-rebake\cr2-rebake\cr2-rebake\cr2-rebake\cr2type.h(45): note: 'cr2::LOC' 선언을 참조하십시오.
c:\users\acoustikue\documents\git\eee4610\cr2-rebake\cr2-rebake\cr2-rebake\cr2-rebake\cr2degreesubgraph.h(55): error C2039: 'CR2Cluster': 'cr2'의 멤버가 아닙니다.
  c:\users\acoustikue\documents\git\eee4610\cr2-rebake\cr2-rebake\cr2-rebake\cr2-rebake\cr2degreesubgraph.h(22): note: 'cr2' 선언을 참조하십시오.
  c:\users\acoustikue\documents\git\eee4610\cr2-rebake\cr2-rebake\cr2-rebake\cr2-rebake\cr2degreesubgraph.h(68): note: 컴파일 중인 클래스 템플릿 인스턴스화 'cr2::CR2DegreeSubgraph<T>'에 대한 참조를 확인하세요.
c:\users\acoustikue\documents\git\eee4610\cr2-rebake\cr2-rebake\cr2-rebake\cr2-rebake\cr2degreesubgraph.h(55): error C2143: 구문 오류: ';'이(가) '<' 앞에 없습니다.
c:\users\acoustikue\documents\git\eee4610\cr2-rebake\cr2-rebake\cr2-rebake\cr2-rebake\cr2degreesubgraph.h(55): error C2433: 'cr2::CR2Cluster': 데이터 선언에 'friend'을(를) 사용할 수 없습니다.
c:\users\acoustikue\documents\git\eee4610\cr2-rebake\cr2-rebake\cr2-rebake\cr2-rebake\cr2degreesubgraph.h(55): error C2039: 'doRegisterDegreeSubgraphs': '`global namespace''의 멤버가 아닙니다.
c:\users\acoustikue\documents\git\eee4610\cr2-rebake\cr2-rebake\cr2-rebake\cr2-rebake\cr2degreesubgraph.h(55): error C2238: ';' 앞에 예기치 않은 토큰이 있습니다.
c:\users\acoustikue\documents\git\eee4610\cr2-rebake\cr2-rebake\cr2-rebake\cr2-rebake\cr2degreesubgraph.h(62): error C3861: 'degree': 식별자를 찾을 수 없습니다.
c:\users\acoustikue\documents\git\eee4610\cr2-rebake\cr2-rebake\cr2-rebake\cr2-rebake\cr2degreesubgraph.h(65): error C3861: 'degree': 식별자를 찾을 수 없습니다.
c:\users\acoustikue\documents\git\eee4610\cr2-rebake\cr2-rebake\cr2-rebake\cr2-rebake\cr2cluster.h(103): error C2988: 템플릿 선언/정의를 인식할 수 없습니다.
c:\users\acoustikue\documents\git\eee4610\cr2-rebake\cr2-rebake\cr2-rebake\cr2-rebake\cr2cluster.h(103): error C2143: 구문 오류: ';'이(가) '<' 앞에 없습니다.
c:\users\acoustikue\documents\git\eee4610\cr2-rebake\cr2-rebake\cr2-rebake\cr2-rebake\cr2cluster.h(103): error C2059: 구문 오류: '<'
c:\users\acoustikue\documents\git\eee4610\cr2-rebake\cr2-rebake\cr2-rebake\cr2-rebake\cr2cluster.h(103): error C2039: 'CR2Cluster': '`global namespace''의 멤버가 아닙니다.
c:\users\acoustikue\documents\git\eee4610\cr2-rebake\cr2-rebake\cr2-rebake\cr2-rebake\cr2cluster.h(104): error C2065: 'argId': 선언되지 않은 식별자입니다.
c:\users\acoustikue\documents\git\eee4610\cr2-rebake\cr2-rebake\cr2-rebake\cr2-rebake\cr2cluster.h(104): error C4430: 형식 지정자가 없습니다. int로 가정합니다. 참고: C++에서는 기본 int를 지원하지 않습니다.
c:\users\acoustikue\documents\git\eee4610\cr2-rebake\cr2-rebake\cr2-rebake\cr2-rebake\cr2cluster.h(105): error C4430: 형식 지정자가 없습니다. int로 가정합니다. 참고: C++에서는 기본 int를 지원하지 않습니다.
c:\users\acoustikue\documents\git\eee4610\cr2-rebake\cr2-rebake\cr2-rebake\cr2-rebake\cr2cluster.h(105): error C2448: 'num_edges': 함수 스타일 이니셜라이저가 함수 정의처럼 나타납니다.
c:\users\acoustikue\documents\git\eee4610\cr2-rebake\cr2-rebake\cr2-rebake\cr2-rebake\cr2cluster.h(134): error C2988: 템플릿 선언/정의를 인식할 수 없습니다.
c:\users\acoustikue\documents\git\eee4610\cr2-rebake\cr2-rebake\cr2-rebake\cr2-rebake\cr2cluster.h(134): error C2143: 구문 오류: ';'이(가) '<' 앞에 없습니다.
c:\users\acoustikue\documents\git\eee4610\cr2-rebake\cr2-rebake\cr2-rebake\cr2-rebake\cr2cluster.h(134): error C2059: 구문 오류: '<'
c:\users\acoustikue\documents\git\eee4610\cr2-rebake\cr2-rebake\cr2-rebake\cr2-rebake\cr2cluster.h(134): error C2523: '::~CR2Cluster': 소멸자 태그가 일치하지 않습니다.
c:\users\acoustikue\documents\git\eee4610\cr2-rebake\cr2-rebake\cr2-rebake\cr2-rebake\cr2cluster.h(134): error C2039: 'CR2Cluster': '`global namespace''의 멤버가 아닙니다.
c:\users\acoustikue\documents\git\eee4610\cr2-rebake\cr2-rebake\cr2-rebake\cr2-rebake\cr2cluster.h(134): error C2143: 구문 오류: ';'이(가) '{' 앞에 없습니다.
c:\users\acoustikue\documents\git\eee4610\cr2-rebake\cr2-rebake\cr2-rebake\cr2-rebake\cr2cluster.h(134): error C2447: '{': 함수 헤더가 없습니다. 이전 스타일의 형식 목록입니까?
c:\users\acoustikue\documents\git\eee4610\cr2-rebake\cr2-rebake\cr2-rebake\cr2-rebake\cr2cluster.h(151): error C2988: 템플릿 선언/정의를 인식할 수 없습니다.
c:\users\acoustikue\documents\git\eee4610\cr2-rebake\cr2-rebake\cr2-rebake\cr2-rebake\cr2cluster.h(151): error C2143: 구문 오류: ';'이(가) '<' 앞에 없습니다.
c:\users\acoustikue\documents\git\eee4610\cr2-rebake\cr2-rebake\cr2-rebake\cr2-rebake\cr2cluster.h(151): error C2086: 'unsigned int cr2::CR2Cluster': 재정의
  c:\users\acoustikue\documents\git\eee4610\cr2-rebake\cr2-rebake\cr2-rebake\cr2-rebake\cr2degreesubgraph.h(55): note: 'cr2::CR2Cluster' 선언을 참조하십시오.
c:\users\acoustikue\documents\git\eee4610\cr2-rebake\cr2-rebake\cr2-rebake\cr2-rebake\cr2cluster.h(151): error C2059: 구문 오류: '<'
c:\users\acoustikue\documents\git\eee4610\cr2-rebake\cr2-rebake\cr2-rebake\cr2-rebake\cr2cluster.h(151): error C2039: 'doReleaseLv2': '`global namespace''의 멤버가 아닙니다.
c:\users\acoustikue\documents\git\eee4610\cr2-rebake\cr2-rebake\cr2-rebake\cr2-rebake\cr2cluster.h(151): error C2143: 구문 오류: ';'이(가) '{' 앞에 없습니다.
c:\users\acoustikue\documents\git\eee4610\cr2-rebake\cr2-rebake\cr2-rebake\cr2-rebake\cr2cluster.h(151): error C2447: '{': 함수 헤더가 없습니다. 이전 스타일의 형식 목록입니까?
c:\users\acoustikue\documents\git\eee4610\cr2-rebake\cr2-rebake\cr2-rebake\cr2-rebake\cr2cluster.h(181): error C2988: 템플릿 선언/정의를 인식할 수 없습니다.
c:\users\acoustikue\documents\git\eee4610\cr2-rebake\cr2-rebake\cr2-rebake\cr2-rebake\cr2cluster.h(181): error C2143: 구문 오류: ';'이(가) '<' 앞에 없습니다.
c:\users\acoustikue\documents\git\eee4610\cr2-rebake\cr2-rebake\cr2-rebake\cr2-rebake\cr2cluster.h(181): error C2086: 'unsigned int cr2::CR2Cluster': 재정의
  c:\users\acoustikue\documents\git\eee4610\cr2-rebake\cr2-rebake\cr2-rebake\cr2-rebake\cr2degreesubgraph.h(55): note: 'cr2::CR2Cluster' 선언을 참조하십시오.
c:\users\acoustikue\documents\git\eee4610\cr2-rebake\cr2-rebake\cr2-rebake\cr2-rebake\cr2cluster.h(181): error C2059: 구문 오류: '<'
c:\users\acoustikue\documents\git\eee4610\cr2-rebake\cr2-rebake\cr2-rebake\cr2-rebake\cr2cluster.h(181): error C2039: 'doRecordSingleDegree': '`global namespace''의 멤버가 아닙니다.
c:\users\acoustikue\documents\git\eee4610\cr2-rebake\cr2-rebake\cr2-rebake\cr2-rebake\cr2cluster.h(181): error C2143: 구문 오류: ';'이(가) '{' 앞에 없습니다.
c:\users\acoustikue\documents\git\eee4610\cr2-rebake\cr2-rebake\cr2-rebake\cr2-rebake\cr2cluster.h(181): error C2447: '{': 함수 헤더가 없습니다. 이전 스타일의 형식 목록입니까?
c:\users\acoustikue\documents\git\eee4610\cr2-rebake\cr2-rebake\cr2-rebake\cr2-rebake\cr2cluster.h(190): error C2988: 템플릿 선언/정의를 인식할 수 없습니다.
c:\users\acoustikue\documents\git\eee4610\cr2-rebake\cr2-rebake\cr2-rebake\cr2-rebake\cr2cluster.h(190): error C2143: 구문 오류: ';'이(가) '<' 앞에 없습니다.
c:\users\acoustikue\documents\git\eee4610\cr2-rebake\cr2-rebake\cr2-rebake\cr2-rebake\cr2cluster.h(190): error C2086: 'unsigned int cr2::CR2Cluster': 재정의
  c:\users\acoustikue\documents\git\eee4610\cr2-rebake\cr2-rebake\cr2-rebake\cr2-rebake\cr2degreesubgraph.h(55): note: 'cr2::CR2Cluster' 선언을 참조하십시오.
c:\users\acoustikue\documents\git\eee4610\cr2-rebake\cr2-rebake\cr2-rebake\cr2-rebake\cr2cluster.h(190): error C2059: 구문 오류: '<'
c:\users\acoustikue\documents\git\eee4610\cr2-rebake\cr2-rebake\cr2-rebake\cr2-rebake\cr2cluster.h(190): error C2039: 'doRecordSingleNeighbor': '`global namespace''의 멤버가 아닙니다.
c:\users\acoustikue\documents\git\eee4610\cr2-rebake\cr2-rebake\cr2-rebake\cr2-rebake\cr2cluster.h(190): error C2143: 구문 오류: ';'이(가) '{' 앞에 없습니다.
c:\users\acoustikue\documents\git\eee4610\cr2-rebake\cr2-rebake\cr2-rebake\cr2-rebake\cr2cluster.h(190): error C2447: '{': 함수 헤더가 없습니다. 이전 스타일의 형식 목록입니까?
c:\users\acoustikue\documents\git\eee4610\cr2-rebake\cr2-rebake\cr2-rebake\cr2-rebake\cr2cluster.h(221): error C2988: 템플릿 선언/정의를 인식할 수 없습니다.
c:\users\acoustikue\documents\git\eee4610\cr2-rebake\cr2-rebake\cr2-rebake\cr2-rebake\cr2cluster.h(221): error C2143: 구문 오류: ';'이(가) '<' 앞에 없습니다.
c:\users\acoustikue\documents\git\eee4610\cr2-rebake\cr2-rebake\cr2-rebake\cr2-rebake\cr2cluster.h(221): error C2086: 'unsigned int cr2::CR2Cluster': 재정의
  c:\users\acoustikue\documents\git\eee4610\cr2-rebake\cr2-rebake\cr2-rebake\cr2-rebake\cr2degreesubgraph.h(55): note: 'cr2::CR2Cluster' 선언을 참조하십시오.
c:\users\acoustikue\documents\git\eee4610\cr2-rebake\cr2-rebake\cr2-rebake\cr2-rebake\cr2cluster.h(221): error C2059: 구문 오류: '<'
c:\users\acoustikue\documents\git\eee4610\cr2-rebake\cr2-rebake\cr2-rebake\cr2-rebake\cr2cluster.h(221): error C2039: 'doBuildDegreeSubgraph': '`global namespace''의 멤버가 아닙니다.
c:\users\acoustikue\documents\git\eee4610\cr2-rebake\cr2-rebake\cr2-rebake\cr2-rebake\cr2cluster.h(221): error C2143: 구문 오류: ';'이(가) '{' 앞에 없습니다.
c:\users\acoustikue\documents\git\eee4610\cr2-rebake\cr2-rebake\cr2-rebake\cr2-rebake\cr2cluster.h(221): error C2447: '{': 함수 헤더가 없습니다. 이전 스타일의 형식 목록입니까?
c:\users\acoustikue\documents\git\eee4610\cr2-rebake\cr2-rebake\cr2-rebake\cr2-rebake\cr2cluster.h(315): error C2988: 템플릿 선언/정의를 인식할 수 없습니다.
c:\users\acoustikue\documents\git\eee4610\cr2-rebake\cr2-rebake\cr2-rebake\cr2-rebake\cr2cluster.h(315): error C2143: 구문 오류: ';'이(가) '<' 앞에 없습니다.
c:\users\acoustikue\documents\git\eee4610\cr2-rebake\cr2-rebake\cr2-rebake\cr2-rebake\cr2cluster.h(315): error C2086: 'unsigned int cr2::CR2Cluster': 재정의
  c:\users\acoustikue\documents\git\eee4610\cr2-rebake\cr2-rebake\cr2-rebake\cr2-rebake\cr2degreesubgraph.h(55): note: 'cr2::CR2Cluster' 선언을 참조하십시오.
c:\users\acoustikue\documents\git\eee4610\cr2-rebake\cr2-rebake\cr2-rebake\cr2-rebake\cr2cluster.h(315): error C2059: 구문 오류: '<'
c:\users\acoustikue\documents\git\eee4610\cr2-rebake\cr2-rebake\cr2-rebake\cr2-rebake\cr2cluster.h(315): error C2039: 'doBuildVertexList': '`global namespace''의 멤버가 아닙니다.
c:\users\acoustikue\documents\git\eee4610\cr2-rebake\cr2-rebake\cr2-rebake\cr2-rebake\cr2cluster.h(315): error C2143: 구문 오류: ';'이(가) '{' 앞에 없습니다.
c:\users\acoustikue\documents\git\eee4610\cr2-rebake\cr2-rebake\cr2-rebake\cr2-rebake\cr2cluster.h(315): error C2447: '{': 함수 헤더가 없습니다. 이전 스타일의 형식 목록입니까?
c:\users\acoustikue\documents\git\eee4610\cr2-rebake\cr2-rebake\cr2-rebake\cr2-rebake\cr2cluster.h(373): error C2988: 템플릿 선언/정의를 인식할 수 없습니다.
c:\users\acoustikue\documents\git\eee4610\cr2-rebake\cr2-rebake\cr2-rebake\cr2-rebake\cr2cluster.h(373): error C2143: 구문 오류: ';'이(가) '<' 앞에 없습니다.
c:\users\acoustikue\documents\git\eee4610\cr2-rebake\cr2-rebake\cr2-rebake\cr2-rebake\cr2cluster.h(373): error C2182: 'CR2Cluster': 'void' 형식을 잘못 사용했습니다.
c:\users\acoustikue\documents\git\eee4610\cr2-rebake\cr2-rebake\cr2-rebake\cr2-rebake\cr2cluster.h(373): error C2371: 'cr2::CR2Cluster': 재정의. 기본 형식이 다릅니다.
  c:\users\acoustikue\documents\git\eee4610\cr2-rebake\cr2-rebake\cr2-rebake\cr2-rebake\cr2degreesubgraph.h(55): note: 'cr2::CR2Cluster' 선언을 참조하십시오.
c:\users\acoustikue\documents\git\eee4610\cr2-rebake\cr2-rebake\cr2-rebake\cr2-rebake\cr2cluster.h(373): error C2059: 구문 오류: '<'
c:\users\acoustikue\documents\git\eee4610\cr2-rebake\cr2-rebake\cr2-rebake\cr2-rebake\cr2cluster.h(373): error C2039: 'console_out_object_info': '`global namespace''의 멤버가 아닙니다.
c:\users\acoustikue\documents\git\eee4610\cr2-rebake\cr2-rebake\cr2-rebake\cr2-rebake\cr2cluster.h(373): error C2143: 구문 오류: ';'이(가) '{' 앞에 없습니다.
c:\users\acoustikue\documents\git\eee4610\cr2-rebake\cr2-rebake\cr2-rebake\cr2-rebake\cr2cluster.h(373): error C2447: '{': 함수 헤더가 없습니다. 이전 스타일의 형식 목록입니까?
c:\users\acoustikue\documents\git\eee4610\cr2-rebake\cr2-rebake\cr2-rebake\cr2-rebake\cr2manager.cpp(17): error C2955: 'cr2::CR2Manager': 클래스 템플릿을(를) 사용하려면 템플릿 인수 목록이 필요합니다.
  c:\users\acoustikue\documents\git\eee4610\cr2-rebake\cr2-rebake\cr2-rebake\cr2-rebake\cr2manager.h(18): note: 'cr2::CR2Manager' 선언을 참조하십시오.
c:\users\acoustikue\documents\git\eee4610\cr2-rebake\cr2-rebake\cr2-rebake\cr2-rebake\cr2manager.cpp(17): error C2027: 정의되지 않은 형식 'cr2::CR2Manager'을(를) 사용했습니다.
  c:\users\acoustikue\documents\git\eee4610\cr2-rebake\cr2-rebake\cr2-rebake\cr2-rebake\cr2manager.h(18): note: 'cr2::CR2Manager' 선언을 참조하십시오.
c:\users\acoustikue\documents\git\eee4610\cr2-rebake\cr2-rebake\cr2-rebake\cr2-rebake\cr2manager.cpp(21): error C2027: 정의되지 않은 형식 'cr2::Edge'을(를) 사용했습니다.
  c:\users\acoustikue\documents\git\eee4610\cr2-rebake\cr2-rebake\cr2-rebake\cr2-rebake\cr2type.h(25): note: 'cr2::Edge' 선언을 참조하십시오.
c:\users\acoustikue\documents\git\eee4610\cr2-rebake\cr2-rebake\cr2-rebake\cr2-rebake\cr2manager.cpp(22): error C2027: 정의되지 않은 형식 'cr2::Edge'을(를) 사용했습니다.
  c:\users\acoustikue\documents\git\eee4610\cr2-rebake\cr2-rebake\cr2-rebake\cr2-rebake\cr2type.h(25): note: 'cr2::Edge' 선언을 참조하십시오.
c:\users\acoustikue\documents\git\eee4610\cr2-rebake\cr2-rebake\cr2-rebake\cr2-rebake\cr2manager.cpp(22): error C2672: 'std::max': 일치하는 오버로드된 함수가 없습니다.
c:\users\acoustikue\documents\git\eee4610\cr2-rebake\cr2-rebake\cr2-rebake\cr2-rebake\cr2manager.cpp(22): error C2784: '_Ty std::max(std::initializer_list<_Elem>)': 'std::initializer_list<_Elem>'의 템플릿 인수를 'unsigned int'에서 추론할 수 없습니다.
  c:\program files (x86)\microsoft visual studio\2017\professional\vc\tools\msvc\14.16.27023\include\algorithm(5399): note: 'std::max' 선언을 참조하십시오.
c:\users\acoustikue\documents\git\eee4610\cr2-rebake\cr2-rebake\cr2-rebake\cr2-rebake\cr2manager.cpp(22): error C2780: 'const _Ty &std::max(const _Ty &,const _Ty &) noexcept(<expr>)': 인수가 2개 있어야 하는데 1개를 사용했습니다.
  c:\program files (x86)\microsoft visual studio\2017\professional\vc\tools\msvc\14.16.27023\include\algorithm(5385): note: 'std::max' 선언을 참조하십시오.
c:\users\acoustikue\documents\git\eee4610\cr2-rebake\cr2-rebake\cr2-rebake\cr2-rebake\cr2manager.cpp(22): error C2780: '_Ty std::max(std::initializer_list<_Elem>,_Pr)': 인수가 2개 있어야 하는데 1개를 사용했습니다.
  c:\program files (x86)\microsoft visual studio\2017\professional\vc\tools\msvc\14.16.27023\include\algorithm(5375): note: 'std::max' 선언을 참조하십시오.
c:\users\acoustikue\documents\git\eee4610\cr2-rebake\cr2-rebake\cr2-rebake\cr2-rebake\cr2manager.cpp(22): error C2780: 'const _Ty &std::max(const _Ty &,const _Ty &,_Pr) noexcept(<expr>)': 인수가 3개 있어야 하는데 1개를 사용했습니다.
  c:\program files (x86)\microsoft visual studio\2017\professional\vc\tools\msvc\14.16.27023\include\algorithm(5367): note: 'std::max' 선언을 참조하십시오.
c:\users\acoustikue\documents\git\eee4610\cr2-rebake\cr2-rebake\cr2-rebake\cr2-rebake\cr2manager.cpp(23): error C2027: 정의되지 않은 형식 'cr2::Edge'을(를) 사용했습니다.
  c:\users\acoustikue\documents\git\eee4610\cr2-rebake\cr2-rebake\cr2-rebake\cr2-rebake\cr2type.h(25): note: 'cr2::Edge' 선언을 참조하십시오.
c:\users\acoustikue\documents\git\eee4610\cr2-rebake\cr2-rebake\cr2-rebake\cr2-rebake\cr2manager.cpp(23): error C2672: 'std::max': 일치하는 오버로드된 함수가 없습니다.
c:\users\acoustikue\documents\git\eee4610\cr2-rebake\cr2-rebake\cr2-rebake\cr2-rebake\cr2manager.cpp(23): error C2784: '_Ty std::max(std::initializer_list<_Elem>)': 'std::initializer_list<_Elem>'의 템플릿 인수를 'unsigned int'에서 추론할 수 없습니다.
  c:\program files (x86)\microsoft visual studio\2017\professional\vc\tools\msvc\14.16.27023\include\algorithm(5399): note: 'std::max' 선언을 참조하십시오.
c:\users\acoustikue\documents\git\eee4610\cr2-rebake\cr2-rebake\cr2-rebake\cr2-rebake\cr2manager.cpp(23): error C2780: 'const _Ty &std::max(const _Ty &,const _Ty &) noexcept(<expr>)': 인수가 2개 있어야 하는데 1개를 사용했습니다.
  c:\program files (x86)\microsoft visual studio\2017\professional\vc\tools\msvc\14.16.27023\include\algorithm(5385): note: 'std::max' 선언을 참조하십시오.
c:\users\acoustikue\documents\git\eee4610\cr2-rebake\cr2-rebake\cr2-rebake\cr2-rebake\cr2manager.cpp(23): error C2780: '_Ty std::max(std::initializer_list<_Elem>,_Pr)': 인수가 2개 있어야 하는데 1개를 사용했습니다.
  c:\program files (x86)\microsoft visual studio\2017\professional\vc\tools\msvc\14.16.27023\include\algorithm(5375): note: 'std::max' 선언을 참조하십시오.
c:\users\acoustikue\documents\git\eee4610\cr2-rebake\cr2-rebake\cr2-rebake\cr2-rebake\cr2manager.cpp(23): error C2780: 'const _Ty &std::max(const _Ty &,const _Ty &,_Pr) noexcept(<expr>)': 인수가 3개 있어야 하는데 1개를 사용했습니다.
  c:\program files (x86)\microsoft visual studio\2017\professional\vc\tools\msvc\14.16.27023\include\algorithm(5367): note: 'std::max' 선언을 참조하십시오.
c:\users\acoustikue\documents\git\eee4610\cr2-rebake\cr2-rebake\cr2-rebake\cr2-rebake\cr2manager.cpp(34): error C2955: 'cr2::CR2Manager': 클래스 템플릿을(를) 사용하려면 템플릿 인수 목록이 필요합니다.
  c:\users\acoustikue\documents\git\eee4610\cr2-rebake\cr2-rebake\cr2-rebake\cr2-rebake\cr2manager.h(18): note: 'cr2::CR2Manager' 선언을 참조하십시오.
c:\users\acoustikue\documents\git\eee4610\cr2-rebake\cr2-rebake\cr2-rebake\cr2-rebake\cr2manager.cpp(34): error C2027: 정의되지 않은 형식 'cr2::CR2Manager'을(를) 사용했습니다.
  c:\users\acoustikue\documents\git\eee4610\cr2-rebake\cr2-rebake\cr2-rebake\cr2-rebake\cr2manager.h(18): note: 'cr2::CR2Manager' 선언을 참조하십시오.
c:\users\acoustikue\documents\git\eee4610\cr2-rebake\cr2-rebake\cr2-rebake\cr2-rebake\cr2manager.cpp(36): error C2355: 'this': 비정적 멤버 함수 또는 비정적 데이터 멤버 이니셜라이저 안에서만 참조할 수 있습니다.
c:\users\acoustikue\documents\git\eee4610\cr2-rebake\cr2-rebake\cr2-rebake\cr2-rebake\cr2manager.cpp(36): error C3861: 'doReset': 식별자를 찾을 수 없습니다.
c:\users\acoustikue\documents\git\eee4610\cr2-rebake\cr2-rebake\cr2-rebake\cr2-rebake\cr2manager.cpp(37): error C2355: 'this': 비정적 멤버 함수 또는 비정적 데이터 멤버 이니셜라이저 안에서만 참조할 수 있습니다.
c:\users\acoustikue\documents\git\eee4610\cr2-rebake\cr2-rebake\cr2-rebake\cr2-rebake\cr2manager.cpp(37): error C2027: 정의되지 않은 형식 'cr2::CR2Graph'을(를) 사용했습니다.
  c:\users\acoustikue\documents\git\eee4610\cr2-rebake\cr2-rebake\cr2-rebake\cr2-rebake\cr2graph.h(23): note: 'cr2::CR2Graph' 선언을 참조하십시오.
c:\users\acoustikue\documents\git\eee4610\cr2-rebake\cr2-rebake\cr2-rebake\cr2-rebake\cr2manager.cpp(40): error C2355: 'this': 비정적 멤버 함수 또는 비정적 데이터 멤버 이니셜라이저 안에서만 참조할 수 있습니다.
c:\users\acoustikue\documents\git\eee4610\cr2-rebake\cr2-rebake\cr2-rebake\cr2-rebake\cr2manager.cpp(41): error C2355: 'this': 비정적 멤버 함수 또는 비정적 데이터 멤버 이니셜라이저 안에서만 참조할 수 있습니다.
c:\users\acoustikue\documents\git\eee4610\cr2-rebake\cr2-rebake\cr2-rebake\cr2-rebake\cr2manager.cpp(45): error C2355: 'this': 비정적 멤버 함수 또는 비정적 데이터 멤버 이니셜라이저 안에서만 참조할 수 있습니다.
c:\users\acoustikue\documents\git\eee4610\cr2-rebake\cr2-rebake\cr2-rebake\cr2-rebake\cr2manager.cpp(46): error C2065: 'num_original_nodes': 선언되지 않은 식별자입니다.
c:\users\acoustikue\documents\git\eee4610\cr2-rebake\cr2-rebake\cr2-rebake\cr2-rebake\cr2manager.cpp(47): error C2065: 'num_original_nodes': 선언되지 않은 식별자입니다.
c:\users\acoustikue\documents\git\eee4610\cr2-rebake\cr2-rebake\cr2-rebake\cr2-rebake\cr2manager.cpp(48): error C2065: 'num_original_nodes': 선언되지 않은 식별자입니다.
c:\users\acoustikue\documents\git\eee4610\cr2-rebake\cr2-rebake\cr2-rebake\cr2-rebake\cr2manager.cpp(52): error C2065: 'cr2_graph': 선언되지 않은 식별자입니다.
c:\users\acoustikue\documents\git\eee4610\cr2-rebake\cr2-rebake\cr2-rebake\cr2-rebake\cr2manager.cpp(53): error C2065: 'cr2_graph': 선언되지 않은 식별자입니다.
c:\users\acoustikue\documents\git\eee4610\cr2-rebake\cr2-rebake\cr2-rebake\cr2-rebake\cr2manager.cpp(53): error C2065: 'num_cluster': 선언되지 않은 식별자입니다.
c:\users\acoustikue\documents\git\eee4610\cr2-rebake\cr2-rebake\cr2-rebake\cr2-rebake\cr2manager.cpp(57): error C2065: 'cr2_graph': 선언되지 않은 식별자입니다.
c:\users\acoustikue\documents\git\eee4610\cr2-rebake\cr2-rebake\cr2-rebake\cr2-rebake\cr2manager.cpp(57): error C2065: 'num_cluster': 선언되지 않은 식별자입니다.
c:\users\acoustikue\documents\git\eee4610\cr2-rebake\cr2-rebake\cr2-rebake\cr2-rebake\cr2manager.cpp(57): fatal error C1003: 오류 수가 100개를 초과했습니다. 컴파일을 중지합니다.
  코드를 생성하고 있습니다...
